mode: set
github.com/eidolon/wordwrap/wordwrap.go:22.54,23.15 1 1
github.com/eidolon/wordwrap/wordwrap.go:27.2,27.35 1 1
github.com/eidolon/wordwrap/wordwrap.go:23.15,24.48 1 1
github.com/eidolon/wordwrap/wordwrap.go:27.35,33.22 3 1
github.com/eidolon/wordwrap/wordwrap.go:37.3,39.17 2 1
github.com/eidolon/wordwrap/wordwrap.go:43.3,43.30 1 1
github.com/eidolon/wordwrap/wordwrap.go:61.3,61.17 1 1
github.com/eidolon/wordwrap/wordwrap.go:33.22,35.4 1 1
github.com/eidolon/wordwrap/wordwrap.go:39.17,41.4 1 1
github.com/eidolon/wordwrap/wordwrap.go:43.30,44.31 1 1
github.com/eidolon/wordwrap/wordwrap.go:44.31,45.25 1 1
github.com/eidolon/wordwrap/wordwrap.go:49.5,50.34 2 1
github.com/eidolon/wordwrap/wordwrap.go:45.25,47.6 1 1
github.com/eidolon/wordwrap/wordwrap.go:51.5,52.25 1 1
github.com/eidolon/wordwrap/wordwrap.go:56.5,57.44 2 1
github.com/eidolon/wordwrap/wordwrap.go:52.25,54.6 1 1
github.com/eidolon/wordwrap/wordwrap.go:66.49,69.2 1 0
github.com/eidolon/wordwrap/wordwrap.go:72.55,75.29 2 1
github.com/eidolon/wordwrap/wordwrap.go:104.2,104.15 1 1
github.com/eidolon/wordwrap/wordwrap.go:75.29,76.24 1 1
github.com/eidolon/wordwrap/wordwrap.go:76.24,80.30 3 1
github.com/eidolon/wordwrap/wordwrap.go:92.4,92.25 1 1
github.com/eidolon/wordwrap/wordwrap.go:96.4,96.31 1 1
github.com/eidolon/wordwrap/wordwrap.go:80.30,83.16 2 1
github.com/eidolon/wordwrap/wordwrap.go:89.5,89.28 1 1
github.com/eidolon/wordwrap/wordwrap.go:83.16,87.6 2 1
github.com/eidolon/wordwrap/wordwrap.go:92.25,94.5 1 1
github.com/eidolon/wordwrap/wordwrap.go:96.31,98.5 1 1
github.com/eidolon/wordwrap/wordwrap.go:99.4,101.4 1 1
